<?xml version="1.0" encoding="UTF-8"?>
<testng-results ignored="0" total="1" passed="1" failed="0" skipped="0">
  <reporter-output>
  </reporter-output>
  <suite started-at="2020-05-02T15:38:34 BST" name="Default suite" finished-at="2020-05-02T15:39:00 BST" duration-ms="25270">
    <groups>
    </groups>
    <test started-at="2020-05-02T15:38:34 BST" name="Default test" finished-at="2020-05-02T15:39:00 BST" duration-ms="25270">
      <class name="demodemo.DemoDemo1">
        <test-method is-config="true" signature="setUp()[pri:0, instance:demodemo.DemoDemo1@4a668b6e]" started-at="2020-05-02T15:38:34 BST" name="setUp" finished-at="2020-05-02T15:38:51 BST" duration-ms="16017" status="PASS">
          <reporter-output>
          </reporter-output>
        </test-method> <!-- setUp -->
        <test-method signature="ecomDashIt()[pri:0, instance:demodemo.DemoDemo1@4a668b6e]" started-at="2020-05-02T15:38:51 BST" name="ecomDashIt" finished-at="2020-05-02T15:38:55 BST" duration-ms="4477" status="PASS">
          <reporter-output>
          </reporter-output>
        </test-method> <!-- ecomDashIt -->
        <test-method is-config="true" signature="setDown()[pri:0, instance:demodemo.DemoDemo1@4a668b6e]" started-at="2020-05-02T15:38:55 BST" name="setDown" finished-at="2020-05-02T15:39:00 BST" duration-ms="4701" status="PASS">
          <reporter-output>
          </reporter-output>
        </test-method> <!-- setDown -->
      </class> <!-- demodemo.DemoDemo1 -->
    </test> <!-- Default test -->
  </suite> <!-- Default suite -->
</testng-results>
